2023-05-06WARN  HikariPool:788 - DateSourceHikariCP - Thread starvation or clock leap detected (housekeeper delta=9m43s920ms).
2023-05-06WARN  HikariPool:788 - DateSourceHikariCP - Thread starvation or clock leap detected (housekeeper delta=9m43s988ms).
2023-05-06WARN  HikariPool:788 - DateSourceHikariCP - Thread starvation or clock leap detected (housekeeper delta=9m43s610ms).
2023-05-06WARN  HikariPool:788 - DateSourceHikariCP - Thread starvation or clock leap detected (housekeeper delta=9m43s895ms).
2023-05-06WARN  HikariPool:788 - DateSourceHikariCP - Thread starvation or clock leap detected (housekeeper delta=9m43s786ms).
2023-05-06WARN  HikariPool:788 - DateSourceHikariCP - Thread starvation or clock leap detected (housekeeper delta=9m43s692ms).
2023-05-06WARN  HikariPool:788 - DateSourceHikariCP - Thread starvation or clock leap detected (housekeeper delta=9m44s145ms).
2023-05-06WARN  HikariPool:788 - DateSourceHikariCP - Thread starvation or clock leap detected (housekeeper delta=9m43s832ms).
2023-05-06WARN  HikariPool:788 - DateSourceHikariCP - Thread starvation or clock leap detected (housekeeper delta=9m43s970ms).
2023-05-06WARN  HikariPool:788 - DateSourceHikariCP - Thread starvation or clock leap detected (housekeeper delta=9m44s15ms).
2023-05-06WARN  HikariPool:788 - DateSourceHikariCP - Thread starvation or clock leap detected (housekeeper delta=9m44s269ms).
2023-05-06WARN  HikariPool:788 - DateSourceHikariCP - Thread starvation or clock leap detected (housekeeper delta=9m43s719ms).
2023-05-06WARN  HikariPool:788 - DateSourceHikariCP - Thread starvation or clock leap detected (housekeeper delta=9m43s935ms).
2023-05-06WARN  HikariPool:788 - DateSourceHikariCP - Thread starvation or clock leap detected (housekeeper delta=9m43s946ms).
2023-05-06WARN  HikariPool:788 - DateSourceHikariCP - Thread starvation or clock leap detected (housekeeper delta=9m46s744ms).
2023-05-06WARN  HikariPool:788 - DateSourceHikariCP - Thread starvation or clock leap detected (housekeeper delta=9m44s91ms).
2023-05-06WARN  HikariPool:788 - DateSourceHikariCP - Thread starvation or clock leap detected (housekeeper delta=9m44s91ms).
2023-05-06WARN  HikariPool:788 - DateSourceHikariCP - Thread starvation or clock leap detected (housekeeper delta=9m43s969ms).
2023-05-06WARN  HikariPool:788 - DateSourceHikariCP - Thread starvation or clock leap detected (housekeeper delta=9m43s610ms).
2023-05-06WARN  HikariPool:788 - DateSourceHikariCP - Thread starvation or clock leap detected (housekeeper delta=9m44s214ms).
2023-05-06WARN  HikariPool:788 - DateSourceHikariCP - Thread starvation or clock leap detected (housekeeper delta=9m43s768ms).
2023-05-06WARN  HikariPool:788 - DateSourceHikariCP - Thread starvation or clock leap detected (housekeeper delta=9m47s244ms).
2023-05-06WARN  HikariPool:788 - DateSourceHikariCP - Thread starvation or clock leap detected (housekeeper delta=9m43s887ms).
2023-05-06WARN  HikariPool:788 - DateSourceHikariCP - Thread starvation or clock leap detected (housekeeper delta=9m43s834ms).
2023-05-06WARN  HikariPool:788 - DateSourceHikariCP - Thread starvation or clock leap detected (housekeeper delta=9m43s819ms).
2023-05-06WARN  HikariPool:788 - DateSourceHikariCP - Thread starvation or clock leap detected (housekeeper delta=9m43s779ms).
2023-05-06WARN  HikariPool:788 - DateSourceHikariCP - Thread starvation or clock leap detected (housekeeper delta=9m43s601ms).
2023-05-06WARN  HikariPool:788 - DateSourceHikariCP - Thread starvation or clock leap detected (housekeeper delta=9m42s31ms).
2023-05-06WARN  HikariPool:788 - DateSourceHikariCP - Thread starvation or clock leap detected (housekeeper delta=9m45s782ms).
2023-05-06WARN  HikariPool:788 - DateSourceHikariCP - Thread starvation or clock leap detected (housekeeper delta=9m43s668ms).
2023-05-06WARN  HikariPool:788 - DateSourceHikariCP - Thread starvation or clock leap detected (housekeeper delta=9m43s940ms).
2023-05-06WARN  HikariPool:788 - DateSourceHikariCP - Thread starvation or clock leap detected (housekeeper delta=9m44s193ms).
2023-05-06WARN  HikariPool:788 - DateSourceHikariCP - Thread starvation or clock leap detected (housekeeper delta=9m47s105ms).
2023-05-06WARN  HikariPool:788 - DateSourceHikariCP - Thread starvation or clock leap detected (housekeeper delta=9m44s75ms).
2023-05-06WARN  HikariPool:788 - DateSourceHikariCP - Thread starvation or clock leap detected (housekeeper delta=9m46s905ms).
2023-05-06WARN  HikariPool:788 - DateSourceHikariCP - Thread starvation or clock leap detected (housekeeper delta=9m43s945ms).
2023-05-06WARN  HikariPool:788 - DateSourceHikariCP - Thread starvation or clock leap detected (housekeeper delta=9m43s847ms).
2023-05-06WARN  HikariPool:788 - DateSourceHikariCP - Thread starvation or clock leap detected (housekeeper delta=9m44s85ms).
2023-05-06WARN  HikariPool:788 - DateSourceHikariCP - Thread starvation or clock leap detected (housekeeper delta=9m43s864ms).
2023-05-06WARN  HikariPool:788 - DateSourceHikariCP - Thread starvation or clock leap detected (housekeeper delta=9m43s717ms).
2023-05-06WARN  HikariPool:788 - DateSourceHikariCP - Thread starvation or clock leap detected (housekeeper delta=9m43s886ms).
2023-05-06WARN  HikariPool:788 - DateSourceHikariCP - Thread starvation or clock leap detected (housekeeper delta=9m44s124ms).
2023-05-06WARN  HikariPool:788 - DateSourceHikariCP - Thread starvation or clock leap detected (housekeeper delta=9m43s563ms).
2023-05-06WARN  HikariPool:788 - DateSourceHikariCP - Thread starvation or clock leap detected (housekeeper delta=9m44s77ms).
2023-05-06WARN  HikariPool:788 - DateSourceHikariCP - Thread starvation or clock leap detected (housekeeper delta=9m43s754ms).
2023-05-06WARN  HikariPool:788 - DateSourceHikariCP - Thread starvation or clock leap detected (housekeeper delta=9m44s75ms).
2023-05-06WARN  HikariPool:788 - DateSourceHikariCP - Thread starvation or clock leap detected (housekeeper delta=9m43s494ms).
2023-05-06WARN  HikariPool:788 - DateSourceHikariCP - Thread starvation or clock leap detected (housekeeper delta=9m42s54ms).
2023-05-06WARN  HikariPool:788 - DateSourceHikariCP - Thread starvation or clock leap detected (housekeeper delta=9m45s709ms).
2023-05-06WARN  HikariPool:788 - DateSourceHikariCP - Thread starvation or clock leap detected (housekeeper delta=9m43s858ms).
2023-05-06WARN  HikariPool:788 - DateSourceHikariCP - Thread starvation or clock leap detected (housekeeper delta=9m43s714ms).
2023-05-06WARN  HikariPool:788 - DateSourceHikariCP - Thread starvation or clock leap detected (housekeeper delta=9m43s928ms).
2023-05-06WARN  HikariPool:788 - DateSourceHikariCP - Thread starvation or clock leap detected (housekeeper delta=9m47s188ms).
2023-05-06WARN  HikariPool:788 - DateSourceHikariCP - Thread starvation or clock leap detected (housekeeper delta=9m44s58ms).
2023-05-06WARN  HikariPool:788 - DateSourceHikariCP - Thread starvation or clock leap detected (housekeeper delta=9m43s852ms).
2023-05-06WARN  HikariPool:788 - DateSourceHikariCP - Thread starvation or clock leap detected (housekeeper delta=9m43s871ms).
2023-05-06WARN  HikariPool:788 - DateSourceHikariCP - Thread starvation or clock leap detected (housekeeper delta=9m43s842ms).
2023-05-06WARN  HikariPool:788 - DateSourceHikariCP - Thread starvation or clock leap detected (housekeeper delta=9m43s792ms).
2023-05-06WARN  HikariPool:788 - DateSourceHikariCP - Thread starvation or clock leap detected (housekeeper delta=9m43s786ms).
2023-05-06WARN  HikariPool:788 - DateSourceHikariCP - Thread starvation or clock leap detected (housekeeper delta=9m43s921ms).
2023-05-06WARN  HikariPool:788 - DateSourceHikariCP - Thread starvation or clock leap detected (housekeeper delta=9m43s876ms).
2023-05-06WARN  HikariPool:788 - DateSourceHikariCP - Thread starvation or clock leap detected (housekeeper delta=9m43s906ms).
2023-05-06WARN  HikariPool:788 - DateSourceHikariCP - Thread starvation or clock leap detected (housekeeper delta=9m43s585ms).
2023-05-06WARN  HikariPool:788 - DateSourceHikariCP - Thread starvation or clock leap detected (housekeeper delta=9m43s993ms).
2023-05-06WARN  HikariPool:788 - DateSourceHikariCP - Thread starvation or clock leap detected (housekeeper delta=9m43s920ms).
2023-05-06WARN  HikariPool:788 - DateSourceHikariCP - Thread starvation or clock leap detected (housekeeper delta=9m43s929ms).
2023-05-06WARN  HikariPool:788 - DateSourceHikariCP - Thread starvation or clock leap detected (housekeeper delta=9m43s787ms).
2023-05-06WARN  HikariPool:788 - DateSourceHikariCP - Thread starvation or clock leap detected (housekeeper delta=9m41s886ms).
2023-05-06WARN  HikariPool:788 - DateSourceHikariCP - Thread starvation or clock leap detected (housekeeper delta=7m6s444ms).
2023-05-06WARN  HikariPool:788 - DateSourceHikariCP - Thread starvation or clock leap detected (housekeeper delta=10h50m29s170ms).
2023-05-06INFO  HikariDataSource:350 - DateSourceHikariCP - Shutdown initiated...
2023-05-06INFO  HikariDataSource:352 - DateSourceHikariCP - Shutdown completed.
2023-05-06INFO  Version:21 - HV000001: Hibernate Validator 6.1.0.Final
2023-05-06INFO  Application:55 - Starting Application using Java 16.0.1 on apple with PID 18253 (/Users/tangyanghai/javaproject/foodie-dev/foodie-controller/target/classes started by tangyanghai in /Users/tangyanghai/javaproject/foodie-dev)
2023-05-06INFO  Application:640 - No active profile set, falling back to 1 default profile: "default"
2023-05-06WARN  ClassPathMapperScanner:44 - No MyBatis mapper was found in '[com.demo]' package. Please check your configuration.
2023-05-06INFO  TomcatWebServer:108 - Tomcat initialized with port(s): 8088 (http)
2023-05-06INFO  ServletWebServerApplicationContext:290 - Root WebApplicationContext: initialization completed in 6356 ms
2023-05-06INFO  MapperCacheDisabler:60 - Clear tk.mybatis.mapper.util.MsUtil CLASS_CACHE cache.
2023-05-06INFO  MapperCacheDisabler:60 - Clear tk.mybatis.mapper.genid.GenIdUtil CACHE cache.
2023-05-06INFO  MapperCacheDisabler:60 - Clear tk.mybatis.mapper.version.VersionUtil CACHE cache.
2023-05-06INFO  MapperCacheDisabler:83 - Clear EntityHelper entityTableMap cache.
2023-05-06INFO  TomcatWebServer:220 - Tomcat started on port(s): 8088 (http) with context path ''
2023-05-06INFO  Application:61 - Started Application in 18.333 seconds (JVM running for 20.356)
2023-05-06INFO  DispatcherServlet:525 - Initializing Servlet 'dispatcherServlet'
2023-05-06INFO  DispatcherServlet:547 - Completed initialization in 8 ms
2023-05-06INFO  HikariDataSource:110 - DateSourceHikariCP - Starting...
2023-05-06INFO  HikariDataSource:123 - DateSourceHikariCP - Start completed.
2023-05-06INFO  CategoryServiceImpl:51 - ======执行 queAllRootLevelCat 结束，耗时976毫秒
2023-05-06INFO  CarouselServiceImpl:51 - ======执行 queryAll 结束，耗时1009毫秒
2023-05-06INFO  CategoryServiceImpl:51 - ======执行 getSixNewItemsLazy 结束，耗时113毫秒
2023-05-06INFO  CategoryServiceImpl:51 - ======执行 getSubCatList 结束，耗时24毫秒
2023-05-06INFO  UserServiceImpl:51 - ======执行 queryUserForLogin 结束，耗时36毫秒
2023-05-06INFO  CookieUtils:212 - ========== domainName: 127.0.0.1 ==========
2023-05-06INFO  CarouselServiceImpl:51 - ======执行 queryAll 结束，耗时77毫秒
2023-05-06INFO  CategoryServiceImpl:51 - ======执行 queAllRootLevelCat 结束，耗时73毫秒
2023-05-06INFO  CategoryServiceImpl:51 - ======执行 getSixNewItemsLazy 结束，耗时22毫秒
2023-05-06INFO  CategoryServiceImpl:51 - ======执行 getSubCatList 结束，耗时32毫秒
2023-05-06INFO  ItemServiceImpl:51 - ======执行 searchItems 结束，耗时185毫秒
2023-05-06WARN  ItemServiceImpl:49 - ======执行 queryItemById 结束，耗时2717毫秒
2023-05-06INFO  ItemServiceImpl:51 - ======执行 queryItemImgList 结束，耗时16毫秒
2023-05-06INFO  ItemServiceImpl:51 - ======执行 queryCommentCounts 结束，耗时88毫秒
2023-05-06INFO  ItemServiceImpl:51 - ======执行 queryItemParam 结束，耗时37毫秒
2023-05-06INFO  ItemServiceImpl:51 - ======执行 queryPagedComments 结束，耗时93毫秒
2023-05-06INFO  ItemServiceImpl:51 - ======执行 queryItemSpecList 结束，耗时33毫秒
2023-05-06INFO  HikariDataSource:350 - DateSourceHikariCP - Shutdown initiated...
2023-05-06INFO  HikariDataSource:352 - DateSourceHikariCP - Shutdown completed.
